<?xml version="1.0" encoding="UTF-8"?>
<!-- Generated by org.testng.reporters.JUnitXMLReporter -->
<testsuite hostname="DESKTOP-4DA5LII" ignored="0" name="Command line test" tests="3" failures="0" timestamp="09 Jan 2019 03:37:49 GMT" time="0.102" errors="0">
  <testcase name="Test2" time="0.025" classname="WebTest.SelTest.P2Test"/>
  <testcase name="Test1" time="0.0" classname="WebTest.SelTest.PractiseTest"/>
  <testcase name="Test3" time="0.001" classname="WebTest.SelTest.PractiseTest"/>
</testsuite> <!-- Command line test -->
