<?xml version="1.0" encoding="UTF-8"?>
<testng-results skipped="0" failed="0" ignored="0" total="1" passed="1">
  <reporter-output>
  </reporter-output>
  <suite name="Default suite" duration-ms="146" started-at="2019-01-06T12:23:33Z" finished-at="2019-01-06T12:23:33Z">
    <groups>
    </groups>
    <test name="Default test" duration-ms="146" started-at="2019-01-06T12:23:33Z" finished-at="2019-01-06T12:23:33Z">
      <class name="WebTest.SelTest.PractiseTest2">
        <test-method status="PASS" signature="Test2()[pri:0, instance:WebTest.SelTest.PractiseTest2@1b604f19]" name="Test2" duration-ms="30" started-at="2019-01-06T12:23:33Z" finished-at="2019-01-06T12:23:33Z">
          <reporter-output>
          </reporter-output>
        </test-method> <!-- Test2 -->
      </class> <!-- WebTest.SelTest.PractiseTest2 -->
    </test> <!-- Default test -->
  </suite> <!-- Default suite -->
</testng-results>
